Flutter crash report.
Please report a bug at https://github.com/flutter/flutter/issues.

## command

flutter debug_adapter

## exception

PathNotFoundException: PathNotFoundException: Cannot open file, path = '/Users/cagriozagar/.config/flutter/tool_state' (OS Error: No such file or directory, errno = 2)

```
#0      _File.throwIfError (dart:io/file_impl.dart:675:7)
#1      _File.openSync (dart:io/file_impl.dart:490:5)
#2      _File.writeAsBytesSync (dart:io/file_impl.dart:644:31)
#3      _File.writeAsStringSync (dart:io/file_impl.dart:668:5)
#4      ForwardingFile.writeAsStringSync (package:file/src/forwarding/forwarding_file.dart:150:16)
#5      ErrorHandlingFile.writeAsStringSync.<anonymous closure> (package:flutter_tools/src/base/error_handling_io.dart:266:22)
#6      _runSync (package:flutter_tools/src/base/error_handling_io.dart:587:14)
#7      ErrorHandlingFile.writeAsStringSync (package:flutter_tools/src/base/error_handling_io.dart:265:5)
#8      Config._flushValues (package:flutter_tools/src/base/config.dart:185:11)
#9      Config.setValue (package:flutter_tools/src/base/config.dart:174:5)
#10     _DefaultPersistentToolState.setIsRunningOnBot (package:flutter_tools/src/persistent_tool_state.dart:129:13)
#11     BotDetector.isRunningOnBot (package:flutter_tools/src/base/bot_detector.dart:40:28)
#12     isRunningOnBot (package:flutter_tools/src/globals.dart:94:48)
#13     exitWithHooks (package:flutter_tools/src/base/process.dart:621:23)
#14     run.<anonymous closure>.<anonymous closure> (package:flutter_tools/runner.dart:135:24)
<asynchronous suspension>
#15     AppContext.run.<anonymous closure> (package:flutter_tools/src/base/context.dart:153:19)
<asynchronous suspension>
#16     main (package:flutter_tools/executable.dart:93:3)
<asynchronous suspension>
```

## flutter doctor

```
[✓] Flutter (Channel stable, 3.22.1, on macOS 14.5 23F79 darwin-arm64, locale en-TR)
    • Flutter version 3.22.1 on channel stable at /Users/cagriozagar/development/flutter
    • Upstream repository https://github.com/flutter/flutter.git
    • Framework revision a14f74ff3a (4 weeks ago), 2024-05-22 11:08:21 -0500
    • Engine revision 55eae6864b
    • Dart version 3.4.1
    • DevTools version 2.34.3

[✓] Android toolchain - develop for Android devices (Android SDK version 34.0.0)
    • Android SDK at /Users/cagriozagar/Library/Android/sdk
    • Platform android-34, build-tools 34.0.0
    • Java binary at: /Applications/Android Studio.app/Contents/jbr/Contents/Home/bin/java
    • Java version OpenJDK Runtime Environment (build 17.0.10+0-17.0.10b1087.21-11572160)
    • All Android licenses accepted.

[✗] Xcode - develop for iOS and macOS
    ✗ Xcode installation is incomplete; a full installation is necessary for iOS and macOS development.
      Download at: https://developer.apple.com/xcode/
      Or install Xcode via the App Store.
      Once installed, run:
        sudo xcode-select --switch /Applications/Xcode.app/Contents/Developer
        sudo xcodebuild -runFirstLaunch
    ✗ CocoaPods not installed.
        CocoaPods is used to retrieve the iOS and macOS platform side's plugin code that responds to your plugin usage on the Dart side.
        Without CocoaPods, plugins will not work on iOS or macOS.
        For more info, see https://flutter.dev/platform-plugins
      To install see https://guides.cocoapods.org/using/getting-started.html#installation for instructions.

[✓] Chrome - develop for the web
    • Chrome at /Applications/Google Chrome.app/Contents/MacOS/Google Chrome

[✓] Android Studio (version 2023.3)
    • Android Studio at /Applications/Android Studio.app/Contents
    • Flutter plugin can be installed from:
      🔨 https://plugins.jetbrains.com/plugin/9212-flutter
    • Dart plugin can be installed from:
      🔨 https://plugins.jetbrains.com/plugin/6351-dart
    • Java version OpenJDK Runtime Environment (build 17.0.10+0-17.0.10b1087.21-11572160)

[✓] VS Code (version 1.83.0)
    • VS Code at /Applications/Visual Studio Code.app/Contents
    • Flutter extension version 3.90.0

[✓] Connected device (3 available)
    • sdk gphone64 arm64 (mobile) • emulator-5554 • android-arm64  • Android 13 (API 33) (emulator)
    • macOS (desktop)             • macos         • darwin-arm64   • macOS 14.5 23F79 darwin-arm64
    • Chrome (web)                • chrome        • web-javascript • Google Chrome 126.0.6478.61

[✓] Network resources
    • All expected network resources are available.

! Doctor found issues in 1 category.
```
